build/app/intermediates/manifest_merge_blame_file/release/manifest-merger-blame-release-report.txt
1<?xml version="1.0" encoding="utf-8"?>
2<manifest xmlns:android="http://schemas.android.com/apk/res/android"
3    package="com.souqocta.www"
4    android:versionCode="62359"
5    android:versionName="27.0.26" >
6
7    <uses-sdk
8        android:minSdkVersion="21"
8-->src\main\AndroidManifest.xml
9        android:targetSdkVersion="33" />
9-->src\main\AndroidManifest.xml
10
11    <uses-permission android:name="android.permission.RECORD_AUDIO" />
11-->src\main\AndroidManifest.xml:4:5-70
11-->src\main\AndroidManifest.xml:4:22-68
12    <uses-permission android:name="android.permission.INTERNET" />
12-->src\main\AndroidManifest.xml:5:5-67
12-->src\main\AndroidManifest.xml:5:22-64
13    <uses-permission android:name="android.permission.ACCESS_FINE_LOCATION" />
13-->src\main\AndroidManifest.xml:6:5-79
13-->src\main\AndroidManifest.xml:6:22-76
14    <uses-permission android:name="android.permission.ACCESS_COARSE_LOCATION" />
14-->src\main\AndroidManifest.xml:7:5-81
14-->src\main\AndroidManifest.xml:7:22-78
15    <uses-permission android:name="android.permission.ACCESS_NETWORK_STATE" />
15-->src\main\AndroidManifest.xml:8:5-79
15-->src\main\AndroidManifest.xml:8:22-76
16    <uses-permission android:name="android.permission.WAKE_LOCK" />
16-->src\main\AndroidManifest.xml:9:5-68
16-->src\main\AndroidManifest.xml:9:22-65
17    <uses-permission android:name="android.permission.FOREGROUND_SERVICE" />
17-->src\main\AndroidManifest.xml:10:5-77
17-->src\main\AndroidManifest.xml:10:22-74
18    <uses-permission android:name="android.permission.READ_MEDIA_IMAGES" />
18-->src\main\AndroidManifest.xml:11:5-76
18-->src\main\AndroidManifest.xml:11:22-73
19    <uses-permission android:name="android.permission.READ_MEDIA_VIDEO" />
19-->src\main\AndroidManifest.xml:12:5-75
19-->src\main\AndroidManifest.xml:12:22-72
20    <uses-permission android:name="android.permission.USE_BIOMETRIC" />
20-->src\main\AndroidManifest.xml:14:5-71
20-->src\main\AndroidManifest.xml:14:22-69
21
22    <!-- Use for showing notification -->
23    <uses-permission android:name="android.permission.POST_NOTIFICATIONS" />
23-->src\main\AndroidManifest.xml:17:5-76
23-->src\main\AndroidManifest.xml:17:22-74
24
25    <!-- Use for take photo and photo gallery feature -->
26    <uses-permission android:name="android.permission.CAMERA" />
26-->src\main\AndroidManifest.xml:21:5-65
26-->src\main\AndroidManifest.xml:21:22-62
27    <uses-permission android:name="android.permission.READ_EXTERNAL_STORAGE" />
27-->src\main\AndroidManifest.xml:22:5-80
27-->src\main\AndroidManifest.xml:22:22-77
28
29    <!-- Use for printer POS feature -->
30    <!-- <uses-permission android:name="android.permission.BLUETOOTH" /> -->
31    <!-- <uses-permission android:name="android.permission.BLUETOOTH_ADMIN" /> -->
32
33
34    <!-- Use for SmartChat feature -->
35    <queries>
35-->src\main\AndroidManifest.xml:29:5-76:15
36        <provider android:authorities="com.facebook.katana.provider.PlatformProvider" />
36-->src\main\AndroidManifest.xml:30:9-89
36-->src\main\AndroidManifest.xml:30:19-86
37
38        <!-- Use for speech recognition permission -->
39        <intent>
39-->src\main\AndroidManifest.xml:33:9-35:18
40            <action android:name="android.speech.RecognitionService" />
40-->src\main\AndroidManifest.xml:34:13-72
40-->src\main\AndroidManifest.xml:34:21-69
41        </intent>
42        <intent>
42-->src\main\AndroidManifest.xml:36:9-39:18
43            <action android:name="android.intent.action.VIEW" />
43-->src\main\AndroidManifest.xml:37:13-65
43-->src\main\AndroidManifest.xml:37:21-62
44
45            <data android:scheme="https" />
45-->src\main\AndroidManifest.xml:38:19-41
46        </intent>
47        <intent>
47-->src\main\AndroidManifest.xml:40:9-43:18
48            <action android:name="android.intent.action.DIAL" />
48-->src\main\AndroidManifest.xml:41:13-65
48-->src\main\AndroidManifest.xml:41:21-62
49
50            <data android:scheme="tel" />
50-->src\main\AndroidManifest.xml:38:19-41
51        </intent>
52        <intent>
52-->src\main\AndroidManifest.xml:44:9-47:18
53            <action android:name="android.intent.action.SENDTO" />
53-->src\main\AndroidManifest.xml:45:13-67
53-->src\main\AndroidManifest.xml:45:21-64
54
55            <data android:scheme="smsto" />
55-->src\main\AndroidManifest.xml:38:19-41
56        </intent>
57        <intent>
57-->src\main\AndroidManifest.xml:48:9-51:18
58            <action android:name="android.intent.action.SEND" />
58-->src\main\AndroidManifest.xml:49:13-65
58-->src\main\AndroidManifest.xml:49:21-62
59
60            <data android:mimeType="*/*" />
60-->src\main\AndroidManifest.xml:50:19-41
61        </intent>
62        <intent>
62-->src\main\AndroidManifest.xml:52:9-55:18
63            <action android:name="android.intent.action.VIEW" />
63-->src\main\AndroidManifest.xml:37:13-65
63-->src\main\AndroidManifest.xml:37:21-62
64
65            <data android:scheme="whatsapp" />
65-->src\main\AndroidManifest.xml:38:19-41
66        </intent>
67        <intent>
67-->src\main\AndroidManifest.xml:56:9-59:18
68            <action android:name="android.intent.action.VIEW" />
68-->src\main\AndroidManifest.xml:37:13-65
68-->src\main\AndroidManifest.xml:37:21-62
69
70            <data android:scheme="instagram" />
70-->src\main\AndroidManifest.xml:38:19-41
71        </intent>
72        <intent>
72-->src\main\AndroidManifest.xml:60:9-63:18
73            <action android:name="android.intent.action.VIEW" />
73-->src\main\AndroidManifest.xml:37:13-65
73-->src\main\AndroidManifest.xml:37:21-62
74
75            <data android:scheme="instagram-stories" />
75-->src\main\AndroidManifest.xml:38:19-41
76        </intent>
77        <intent>
77-->src\main\AndroidManifest.xml:64:9-67:18
78            <action android:name="android.intent.action.VIEW" />
78-->src\main\AndroidManifest.xml:37:13-65
78-->src\main\AndroidManifest.xml:37:21-62
79
80            <data android:scheme="twitter" />
80-->src\main\AndroidManifest.xml:38:19-41
81        </intent>
82        <intent>
82-->src\main\AndroidManifest.xml:68:9-71:18
83            <action android:name="android.intent.action.VIEW" />
83-->src\main\AndroidManifest.xml:37:13-65
83-->src\main\AndroidManifest.xml:37:21-62
84
85            <data android:scheme="fb" />
85-->src\main\AndroidManifest.xml:38:19-41
86        </intent>
87        <intent>
87-->src\main\AndroidManifest.xml:72:9-75:18
88            <action android:name="android.intent.action.VIEW" />
88-->src\main\AndroidManifest.xml:37:13-65
88-->src\main\AndroidManifest.xml:37:21-62
89
90            <data android:scheme="tg" />
90-->src\main\AndroidManifest.xml:38:19-41
91        </intent>
92        <intent>
92-->[:flutter_inappwebview] AndroidManifest.xml:10:9-12:18
93            <action android:name="android.support.customtabs.action.CustomTabsService" />
93-->[:flutter_inappwebview] AndroidManifest.xml:11:13-90
93-->[:flutter_inappwebview] AndroidManifest.xml:11:21-87
94        </intent>
95        <intent>
95-->[:file_picker] AndroidManifest.xml:12:9-16:18
96            <action android:name="android.intent.action.GET_CONTENT" />
96-->[:file_picker] AndroidManifest.xml:13:13-72
96-->[:file_picker] AndroidManifest.xml:13:21-69
97
98            <data android:mimeType="*/*" />
98-->src\main\AndroidManifest.xml:50:19-41
99        </intent> <!-- Specific apps you interact with, eg: -->
100        <package android:name="com.paytm.pgsdk.TransactionManager.PAYTM_APP_PACKAGE" />
100-->[com.paytm.appinvokesdk:appinvokesdk:1.6.13] AndroidManifest.xml:12:9-88
100-->[com.paytm.appinvokesdk:appinvokesdk:1.6.13] AndroidManifest.xml:12:18-85
101        <!--
102             Specific intents you query for,
103             eg: for a custom share UI
104        -->
105        <intent>
105-->[com.paytm.appinvokesdk:appinvokesdk:1.6.13] AndroidManifest.xml:17:9-19:18
106            <action android:name="android.intent.action.MAIN" />
106-->src\main\AndroidManifest.xml:109:17-69
106-->src\main\AndroidManifest.xml:109:25-66
107        </intent>
108
109        <package android:name="com.facebook.katana" />
109-->[com.facebook.android:facebook-common:16.0.1] AndroidManifest.xml:18:9-55
109-->[com.facebook.android:facebook-common:16.0.1] AndroidManifest.xml:18:18-52
110
111        <intent>
111-->[com.razorpay:checkout:1.6.33] AndroidManifest.xml:11:9-17:18
112            <action android:name="android.intent.action.VIEW" />
112-->src\main\AndroidManifest.xml:37:13-65
112-->src\main\AndroidManifest.xml:37:21-62
113
114            <data
115                android:mimeType="*/*"
115-->src\main\AndroidManifest.xml:50:19-41
116                android:scheme="*" />
116-->src\main\AndroidManifest.xml:38:19-41
117        </intent>
118        <intent>
118-->[com.razorpay:checkout:1.6.33] AndroidManifest.xml:18:9-27:18
119            <action android:name="android.intent.action.VIEW" />
119-->src\main\AndroidManifest.xml:37:13-65
119-->src\main\AndroidManifest.xml:37:21-62
120
121            <category android:name="android.intent.category.BROWSABLE" />
121-->src\main\AndroidManifest.xml:125:17-78
121-->src\main\AndroidManifest.xml:125:27-75
122
123            <data
124                android:host="pay"
124-->src\main\AndroidManifest.xml:128:21-52
125                android:mimeType="*/*"
125-->src\main\AndroidManifest.xml:50:19-41
126                android:scheme="upi" />
126-->src\main\AndroidManifest.xml:38:19-41
127        </intent>
128        <intent>
128-->[com.razorpay:checkout:1.6.33] AndroidManifest.xml:36:9-38:18
129            <action android:name="rzp.device_token.share" />
129-->[com.razorpay:checkout:1.6.33] AndroidManifest.xml:37:13-61
129-->[com.razorpay:checkout:1.6.33] AndroidManifest.xml:37:21-58
130        </intent> <!-- Needs to be explicitly declared on Android R+ -->
131        <package android:name="com.google.android.apps.maps" /> <!-- For browser content -->
131-->[com.google.android.gms:play-services-maps:18.1.0] AndroidManifest.xml:33:9-64
131-->[com.google.android.gms:play-services-maps:18.1.0] AndroidManifest.xml:33:18-61
132        <intent>
132-->[com.google.android.gms:play-services-ads-lite:22.0.0] AndroidManifest.xml:35:9-41:18
133            <action android:name="android.intent.action.VIEW" />
133-->src\main\AndroidManifest.xml:37:13-65
133-->src\main\AndroidManifest.xml:37:21-62
134
135            <category android:name="android.intent.category.BROWSABLE" />
135-->src\main\AndroidManifest.xml:125:17-78
135-->src\main\AndroidManifest.xml:125:27-75
136
137            <data android:scheme="https" />
137-->src\main\AndroidManifest.xml:38:19-41
138        </intent>
139    </queries>
140
141    <uses-permission android:name="android.permission.WRITE_EXTERNAL_STORAGE" />
142    <uses-permission android:name="android.permission.READ_PHONE_STATE" />
143    <uses-permission android:name="android.permission.RECEIVE_BOOT_COMPLETED" />
143-->[:flutter_local_notifications] AndroidManifest.xml:9:5-81
143-->[:flutter_local_notifications] AndroidManifest.xml:9:22-78
144    <uses-permission android:name="android.permission.VIBRATE" />
144-->[:flutter_local_notifications] AndroidManifest.xml:10:5-66
144-->[:flutter_local_notifications] AndroidManifest.xml:10:22-63
145    <uses-permission android:name="android.permission.USE_FULL_SCREEN_INTENT" />
145-->[:flutter_local_notifications] AndroidManifest.xml:11:5-81
145-->[:flutter_local_notifications] AndroidManifest.xml:11:22-78
146    <uses-permission android:name="android.permission.SCHEDULE_EXACT_ALARM" />
146-->[:flutter_local_notifications] AndroidManifest.xml:12:5-79
146-->[:flutter_local_notifications] AndroidManifest.xml:12:22-76
147    <uses-permission android:name="android.permission.BLUETOOTH_CONNECT" /> <!-- Create a unique permission for your app and use it so only your app can receive your OneSignal messages. -->
147-->[:speech_to_text] AndroidManifest.xml:9:5-76
147-->[:speech_to_text] AndroidManifest.xml:9:22-73
148    <permission
148-->[com.onesignal:OneSignal:4.8.5] AndroidManifest.xml:7:5-9:47
149        android:name="com.souqocta.www.permission.C2D_MESSAGE"
149-->[com.onesignal:OneSignal:4.8.5] AndroidManifest.xml:8:9-63
150        android:protectionLevel="signature" />
150-->[com.onesignal:OneSignal:4.8.5] AndroidManifest.xml:9:9-44
151
152    <uses-permission android:name="com.souqocta.www.permission.C2D_MESSAGE" /> <!-- c2dm RECEIVE are basic requirements for push messages through Google's FCM -->
152-->[com.onesignal:OneSignal:4.8.5] AndroidManifest.xml:11:5-79
152-->[com.onesignal:OneSignal:4.8.5] AndroidManifest.xml:11:22-76
153    <uses-permission android:name="com.google.android.c2dm.permission.RECEIVE" /> <!-- START: ShortcutBadger -->
153-->[com.onesignal:OneSignal:4.8.5] AndroidManifest.xml:18:5-82
153-->[com.onesignal:OneSignal:4.8.5] AndroidManifest.xml:18:22-79
154    <!-- Samsung -->
155    <uses-permission android:name="com.sec.android.provider.badge.permission.READ" />
155-->[com.onesignal:OneSignal:4.8.5] AndroidManifest.xml:32:5-86
155-->[com.onesignal:OneSignal:4.8.5] AndroidManifest.xml:32:22-83
156    <uses-permission android:name="com.sec.android.provider.badge.permission.WRITE" /> <!-- HTC -->
156-->[com.onesignal:OneSignal:4.8.5] AndroidManifest.xml:33:5-87
156-->[com.onesignal:OneSignal:4.8.5] AndroidManifest.xml:33:22-84
157    <uses-permission android:name="com.htc.launcher.permission.READ_SETTINGS" />
157-->[com.onesignal:OneSignal:4.8.5] AndroidManifest.xml:34:5-81
157-->[com.onesignal:OneSignal:4.8.5] AndroidManifest.xml:34:22-78
158    <uses-permission android:name="com.htc.launcher.permission.UPDATE_SHORTCUT" /> <!-- Sony -->
158-->[com.onesignal:OneSignal:4.8.5] AndroidManifest.xml:35:5-83
158-->[com.onesignal:OneSignal:4.8.5] AndroidManifest.xml:35:22-80
159    <uses-permission android:name="com.sonyericsson.home.permission.BROADCAST_BADGE" />
159-->[com.onesignal:OneSignal:4.8.5] AndroidManifest.xml:36:5-88
159-->[com.onesignal:OneSignal:4.8.5] AndroidManifest.xml:36:22-85
160    <uses-permission android:name="com.sonymobile.home.permission.PROVIDER_INSERT_BADGE" /> <!-- Apex -->
160-->[com.onesignal:OneSignal:4.8.5] AndroidManifest.xml:37:5-92
160-->[com.onesignal:OneSignal:4.8.5] AndroidManifest.xml:37:22-89
161    <uses-permission android:name="com.anddoes.launcher.permission.UPDATE_COUNT" /> <!-- Solid -->
161-->[com.onesignal:OneSignal:4.8.5] AndroidManifest.xml:38:5-84
161-->[com.onesignal:OneSignal:4.8.5] AndroidManifest.xml:38:22-81
162    <uses-permission android:name="com.majeur.launcher.permission.UPDATE_BADGE" /> <!-- Huawei -->
162-->[com.onesignal:OneSignal:4.8.5] AndroidManifest.xml:39:5-83
162-->[com.onesignal:OneSignal:4.8.5] AndroidManifest.xml:39:22-80
163    <uses-permission android:name="com.huawei.android.launcher.permission.CHANGE_BADGE" />
163-->[com.onesignal:OneSignal:4.8.5] AndroidManifest.xml:40:5-91
163-->[com.onesignal:OneSignal:4.8.5] AndroidManifest.xml:40:22-88
164    <uses-permission android:name="com.huawei.android.launcher.permission.READ_SETTINGS" />
164-->[com.onesignal:OneSignal:4.8.5] AndroidManifest.xml:41:5-92
164-->[com.onesignal:OneSignal:4.8.5] AndroidManifest.xml:41:22-89
165    <uses-permission android:name="com.huawei.android.launcher.permission.WRITE_SETTINGS" /> <!-- ZUK -->
165-->[com.onesignal:OneSignal:4.8.5] AndroidManifest.xml:42:5-93
165-->[com.onesignal:OneSignal:4.8.5] AndroidManifest.xml:42:22-90
166    <uses-permission android:name="android.permission.READ_APP_BADGE" /> <!-- OPPO -->
166-->[com.onesignal:OneSignal:4.8.5] AndroidManifest.xml:43:5-73
166-->[com.onesignal:OneSignal:4.8.5] AndroidManifest.xml:43:22-70
167    <uses-permission android:name="com.oppo.launcher.permission.READ_SETTINGS" />
167-->[com.onesignal:OneSignal:4.8.5] AndroidManifest.xml:44:5-82
167-->[com.onesignal:OneSignal:4.8.5] AndroidManifest.xml:44:22-79
168    <uses-permission android:name="com.oppo.launcher.permission.WRITE_SETTINGS" /> <!-- EvMe -->
168-->[com.onesignal:OneSignal:4.8.5] AndroidManifest.xml:45:5-83
168-->[com.onesignal:OneSignal:4.8.5] AndroidManifest.xml:45:22-80
169    <uses-permission android:name="me.everything.badger.permission.BADGE_COUNT_READ" />
169-->[com.onesignal:OneSignal:4.8.5] AndroidManifest.xml:46:5-88
169-->[com.onesignal:OneSignal:4.8.5] AndroidManifest.xml:46:22-85
170    <uses-permission android:name="me.everything.badger.permission.BADGE_COUNT_WRITE" /> <!-- suppress DeprecatedClassUsageInspection -->
170-->[com.onesignal:OneSignal:4.8.5] AndroidManifest.xml:47:5-89
170-->[com.onesignal:OneSignal:4.8.5] AndroidManifest.xml:47:22-86
171    <uses-permission android:name="android.permission.USE_FINGERPRINT" />
171-->[androidx.biometric:biometric:1.1.0] AndroidManifest.xml:27:5-74
171-->[androidx.biometric:biometric:1.1.0] AndroidManifest.xml:27:22-71
172
173    <uses-feature
173-->[com.google.android.gms:play-services-maps:18.1.0] AndroidManifest.xml:26:5-28:35
174        android:glEsVersion="0x00020000"
174-->[com.google.android.gms:play-services-maps:18.1.0] AndroidManifest.xml:27:9-41
175        android:required="true" />
175-->[com.google.android.gms:play-services-maps:18.1.0] AndroidManifest.xml:28:9-32
176
177    <uses-permission android:name="com.google.android.gms.permission.AD_ID" />
177-->[com.google.android.gms:play-services-measurement-api:21.2.2] AndroidManifest.xml:25:5-79
177-->[com.google.android.gms:play-services-measurement-api:21.2.2] AndroidManifest.xml:25:22-76
178    <uses-permission android:name="com.google.android.finsky.permission.BIND_GET_INSTALL_REFERRER_SERVICE" />
178-->[com.google.android.gms:play-services-measurement:21.2.2] AndroidManifest.xml:26:5-110
178-->[com.google.android.gms:play-services-measurement:21.2.2] AndroidManifest.xml:26:22-107
179
180    <permission
180-->[androidx.core:core:1.9.0] AndroidManifest.xml:22:5-24:47
181        android:name="com.souqocta.www.DYNAMIC_RECEIVER_NOT_EXPORTED_PERMISSION"
181-->[androidx.core:core:1.9.0] AndroidManifest.xml:23:9-81
182        android:protectionLevel="signature" />
182-->[androidx.core:core:1.9.0] AndroidManifest.xml:24:9-44
183
184    <uses-permission android:name="com.souqocta.www.DYNAMIC_RECEIVER_NOT_EXPORTED_PERMISSION" /> <!-- Don't require camera, as this requires a rear camera. This allows it to work on the Nexus 7 -->
184-->[androidx.core:core:1.9.0] AndroidManifest.xml:26:5-97
184-->[androidx.core:core:1.9.0] AndroidManifest.xml:26:22-94
185    <uses-feature
185-->[com.journeyapps:zxing-android-embedded:4.3.0] AndroidManifest.xml:25:5-27:36
186        android:name="android.hardware.camera"
186-->[com.journeyapps:zxing-android-embedded:4.3.0] AndroidManifest.xml:26:9-47
187        android:required="false" />
187-->[com.journeyapps:zxing-android-embedded:4.3.0] AndroidManifest.xml:27:9-33
188    <uses-feature
188-->[com.journeyapps:zxing-android-embedded:4.3.0] AndroidManifest.xml:28:5-30:36
189        android:name="android.hardware.camera.front"
189-->[com.journeyapps:zxing-android-embedded:4.3.0] AndroidManifest.xml:29:9-53
190        android:required="false" /> <!-- TODO replace above two with next line after Android 4.2 -->
190-->[com.journeyapps:zxing-android-embedded:4.3.0] AndroidManifest.xml:30:9-33
191    <!-- <uses-feature android:name="android.hardware.camera.any"/> -->
192    <uses-feature
192-->[com.journeyapps:zxing-android-embedded:4.3.0] AndroidManifest.xml:33:5-35:36
193        android:name="android.hardware.camera.autofocus"
193-->[com.journeyapps:zxing-android-embedded:4.3.0] AndroidManifest.xml:34:9-57
194        android:required="false" />
194-->[com.journeyapps:zxing-android-embedded:4.3.0] AndroidManifest.xml:35:9-33
195    <uses-feature
195-->[com.journeyapps:zxing-android-embedded:4.3.0] AndroidManifest.xml:36:5-38:36
196        android:name="android.hardware.camera.flash"
196-->[com.journeyapps:zxing-android-embedded:4.3.0] AndroidManifest.xml:37:9-53
197        android:required="false" />
197-->[com.journeyapps:zxing-android-embedded:4.3.0] AndroidManifest.xml:38:9-33
198    <uses-feature
198-->[com.journeyapps:zxing-android-embedded:4.3.0] AndroidManifest.xml:39:5-41:36
199        android:name="android.hardware.screen.landscape"
199-->[com.journeyapps:zxing-android-embedded:4.3.0] AndroidManifest.xml:40:9-57
200        android:required="false" />
200-->[com.journeyapps:zxing-android-embedded:4.3.0] AndroidManifest.xml:41:9-33
201    <uses-feature
201-->[com.journeyapps:zxing-android-embedded:4.3.0] AndroidManifest.xml:42:5-44:36
202        android:name="android.hardware.wifi"
202-->[com.journeyapps:zxing-android-embedded:4.3.0] AndroidManifest.xml:43:9-45
203        android:required="false" />
203-->[com.journeyapps:zxing-android-embedded:4.3.0] AndroidManifest.xml:44:9-33
204
205    <application
206        android:name="android.app.Application"
206-->src\main\AndroidManifest.xml:79:9-42
207        android:allowBackup="true"
207-->src\main\AndroidManifest.xml:87:9-35
208        android:appComponentFactory="androidx.core.app.CoreComponentFactory"
208-->[androidx.core:core:1.9.0] AndroidManifest.xml:28:18-86
209        android:dataExtractionRules="@xml/data_extraction_rules"
209-->src\main\AndroidManifest.xml:85:9-65
210        android:fullBackupContent="@xml/backup_rules"
210-->src\main\AndroidManifest.xml:84:9-54
211        android:icon="@mipmap/launcher_icon"
211-->src\main\AndroidManifest.xml:80:9-45
212        android:label="@string/app_name"
212-->src\main\AndroidManifest.xml:81:9-41
213        android:requestLegacyExternalStorage="true"
213-->src\main\AndroidManifest.xml:83:9-52
214        android:supportsRtl="true"
214-->[com.facebook.android:facebook-login:16.0.1] AndroidManifest.xml:16:18-44
215        android:theme="@style/AppTheme"
215-->src\main\AndroidManifest.xml:82:9-40
216        android:usesCleartextTraffic="true" >
216-->src\main\AndroidManifest.xml:86:9-44
217        <activity
217-->src\main\AndroidManifest.xml:91:9-143:20
218            android:name="com.souqocta.www.MainActivity"
218-->src\main\AndroidManifest.xml:92:13-41
219            android:configChanges="orientation|keyboardHidden|keyboard|screenSize|smallestScreenSize|locale|layoutDirection|fontScale|screenLayout|density|uiMode"
219-->src\main\AndroidManifest.xml:93:13-163
220            android:exported="true"
220-->src\main\AndroidManifest.xml:94:13-36
221            android:hardwareAccelerated="true"
221-->src\main\AndroidManifest.xml:95:13-47
222            android:launchMode="singleTop"
222-->src\main\AndroidManifest.xml:96:13-43
223            android:theme="@style/LaunchTheme"
223-->src\main\AndroidManifest.xml:97:13-47
224            android:windowSoftInputMode="adjustResize" >
224-->src\main\AndroidManifest.xml:98:13-55
225
226            <!--
227                 Specifies an Android theme to apply to this Activity as soon as
228                 the Android process has started. This theme is visible to the user
229                 while the Flutter UI initializes. After that, this theme continues
230                 to determine the Window background behind the Flutter UI.
231            -->
232            <meta-data
232-->src\main\AndroidManifest.xml:104:13-106:57
233                android:name="io.flutter.embedding.android.NormalTheme"
233-->src\main\AndroidManifest.xml:105:17-72
234                android:resource="@style/NormalTheme" />
234-->src\main\AndroidManifest.xml:106:17-54
235
236            <intent-filter>
236-->src\main\AndroidManifest.xml:108:13-111:29
237                <action android:name="android.intent.action.MAIN" />
237-->src\main\AndroidManifest.xml:109:17-69
237-->src\main\AndroidManifest.xml:109:25-66
238
239                <category android:name="android.intent.category.LAUNCHER" />
239-->src\main\AndroidManifest.xml:110:17-77
239-->src\main\AndroidManifest.xml:110:27-74
240            </intent-filter>
241            <intent-filter>
241-->src\main\AndroidManifest.xml:112:13-115:29
242                <action android:name="FLUTTER_NOTIFICATION_CLICK" />
242-->src\main\AndroidManifest.xml:113:17-69
242-->src\main\AndroidManifest.xml:113:25-66
243
244                <category android:name="android.intent.category.DEFAULT" />
244-->src\main\AndroidManifest.xml:114:17-76
244-->src\main\AndroidManifest.xml:114:27-73
245            </intent-filter>
246
247            <meta-data
248                android:name="default-url"
248-->src\main\AndroidManifest.xml:118:17-43
249                android:value="https://octaeg.com/" />
249-->src\main\AndroidManifest.xml:119:17-46
250
251            <intent-filter android:autoVerify="true" >
251-->src\main\AndroidManifest.xml:121:13-131:29
251-->src\main\AndroidManifest.xml:121:28-53
252                <action android:name="android.intent.action.VIEW" />
252-->src\main\AndroidManifest.xml:37:13-65
252-->src\main\AndroidManifest.xml:37:21-62
253
254                <category android:name="android.intent.category.DEFAULT" />
254-->src\main\AndroidManifest.xml:114:17-76
254-->src\main\AndroidManifest.xml:114:27-73
255                <category android:name="android.intent.category.BROWSABLE" />
255-->src\main\AndroidManifest.xml:125:17-78
255-->src\main\AndroidManifest.xml:125:27-75
256
257                <data
258                    android:host="octaeg.com/"
258-->src\main\AndroidManifest.xml:128:21-52
259                    android:scheme="https" />
259-->src\main\AndroidManifest.xml:38:19-41
260                <data android:scheme="http" />
260-->src\main\AndroidManifest.xml:38:19-41
261            </intent-filter>
262            <intent-filter>
262-->src\main\AndroidManifest.xml:133:13-142:29
263                <action android:name="android.intent.action.VIEW" />
263-->src\main\AndroidManifest.xml:37:13-65
263-->src\main\AndroidManifest.xml:37:21-62
264
265                <category android:name="android.intent.category.DEFAULT" />
265-->src\main\AndroidManifest.xml:114:17-76
265-->src\main\AndroidManifest.xml:114:27-73
266                <category android:name="android.intent.category.BROWSABLE" />
266-->src\main\AndroidManifest.xml:125:17-78
266-->src\main\AndroidManifest.xml:125:27-75
267
268                <data
269                    android:host="octaeg.com/"
269-->src\main\AndroidManifest.xml:128:21-52
270                    android:scheme="OCTA" />
270-->src\main\AndroidManifest.xml:38:19-41
271            </intent-filter>
272        </activity>
273
274        <meta-data
274-->src\main\AndroidManifest.xml:145:9-147:36
275            android:name="com.google.android.gms.wallet.api.enabled"
275-->src\main\AndroidManifest.xml:146:13-69
276            android:value="true" />
276-->src\main\AndroidManifest.xml:147:13-33
277        <meta-data
277-->src\main\AndroidManifest.xml:149:9-151:71
278            android:name="com.google.firebase.messaging.default_notification_channel_id"
278-->src\main\AndroidManifest.xml:150:13-89
279            android:value="@string/default_notification_channel_id" />
279-->src\main\AndroidManifest.xml:151:13-68
280        <meta-data
280-->src\main\AndroidManifest.xml:153:9-155:49
281            android:name="com.google.firebase.messaging.default_notification_icon"
281-->src\main\AndroidManifest.xml:154:13-83
282            android:resource="@drawable/logo" />
282-->src\main\AndroidManifest.xml:155:13-46
283        <!--
284             Set color used with incoming notification messages. This is used when no color is set for the incoming
285            notification message. See README(https://goo.gl/6BKBk7) for more.
286        -->
287        <meta-data
287-->src\main\AndroidManifest.xml:158:9-160:51
288            android:name="com.google.firebase.messaging.default_notification_color"
288-->src\main\AndroidManifest.xml:159:13-84
289            android:resource="@color/notiColor" />
289-->src\main\AndroidManifest.xml:160:13-48
290        <!-- Google map and Admod setup -->
291        <meta-data
292            android:name="com.google.android.geo.API_KEY"
292-->src\main\AndroidManifest.xml:163:13-58
293            android:value="AIzaSyDSNYVC-8DU9BTcyqkeN9c5pgVhwOBAvGg" />
293-->src\main\AndroidManifest.xml:164:13-51
294        <meta-data
295            android:name="com.google.android.gms.ads.APPLICATION_ID"
295-->src\main\AndroidManifest.xml:166:13-69
296            android:value="ca-app-pub-7432665165146018~2664444130" />
296-->src\main\AndroidManifest.xml:167:13-49
297
298        <!-- Facebook Login configuration -->
299        <meta-data
299-->src\main\AndroidManifest.xml:170:9-172:53
300            android:name="com.facebook.sdk.ApplicationId"
300-->src\main\AndroidManifest.xml:171:13-58
301            android:value="@string/facebookAppId" />
301-->src\main\AndroidManifest.xml:172:13-50
302        <meta-data
303            android:name="com.facebook.sdk.ClientToken"
303-->src\main\AndroidManifest.xml:175:13-56
304            android:value="9def0493cb40104fa311ee9e1086d264" />
304-->src\main\AndroidManifest.xml:176:13-51
305        <meta-data
306            android:name="com.inspireui.ENVATO_PURCHASE_CODE"
306-->src\main\AndroidManifest.xml:179:17-66
307            android:value="put-your-envato-purchase-code-here" />
307-->src\main\AndroidManifest.xml:180:17-54
308
309        <!-- Enable to support Audio Feature -->
310        <!-- <service -->
311        <!-- android:name="com.ryanheise.audioservice.AudioService" -->
312        <!-- android:exported="true"> -->
313        <!-- <intent-filter> -->
314        <!-- <action android:name="android.media.browse.MediaBrowserService" /> -->
315        <!-- </intent-filter> -->
316        <!-- </service> -->
317
318
319        <!-- <receiver -->
320        <!-- android:name="com.ryanheise.audioservice.MediaButtonReceiver" -->
321        <!-- android:exported="true"> -->
322        <!-- <intent-filter> -->
323        <!-- <action android:name="android.intent.action.MEDIA_BUTTON" /> -->
324        <!-- </intent-filter> -->
325        <!-- </receiver> -->
326
327
328        <!--
329             Don't delete the meta-data below.